This is pdfTeX, Version 3.1415926-2.3-1.40.12 (MiKTeX 2.9) (preloaded format=pdflatex 2018.9.28)  11 DEC 2018 17:39
entering extended mode
**D:/ç¡•å£«è®ºæ–‡/JCOMP_template/JCOMP-template/jcomp-template.tex
(D:/ç¡•å£«è®ºæ–‡/JCOMP_template/JCOMP-template/jcomp-template.tex
LaTeX2e <2011/06/27>
Babel <v3.8m> and hyphenation patterns for loaded.
(D:\ç¡•å£«è®ºæ–‡\JCOMP_template\JCOMP-template\elsarticle.cls
Document Class: elsarticle 2013/07/25, 2.1: Elsevier Ltd
\@bls=\dimen102
(C:\CTEX\MiKTeX\tex\latex\base\article.cls
Document Class: article 2007/10/19 v1.4h Standard LaTeX document class
(C:\CTEX\MiKTeX\tex\latex\base\size10.clo
File: size10.clo 2007/10/19 v1.4h Standard LaTeX file (size option)
)
\c@part=\count79
\c@section=\count80
\c@subsection=\count81
\c@subsubsection=\count82
\c@paragraph=\count83
\c@subparagraph=\count84
\c@figure=\count85
\c@table=\count86
\abovecaptionskip=\skip41
\belowcaptionskip=\skip42
\bibindent=\dimen103
)
(C:\CTEX\MiKTeX\tex\latex\graphics\graphicx.sty
Package: graphicx 1999/02/16 v1.0f Enhanced LaTeX Graphics (DPC,SPQR)

(C:\CTEX\MiKTeX\tex\latex\graphics\keyval.sty
Package: keyval 1999/03/16 v1.13 key=value parser (DPC)
\KV@toks@=\toks14
)
(C:\CTEX\MiKTeX\tex\latex\graphics\graphics.sty
Package: graphics 2009/02/05 v1.0o Standard LaTeX Graphics (DPC,SPQR)

(C:\CTEX\MiKTeX\tex\latex\graphics\trig.sty
Package: trig 1999/03/16 v1.09 sin cos tan (DPC)
)
(C:\CTEX\MiKTeX\tex\latex\00miktex\graphics.cfg
File: graphics.cfg 2007/01/18 v1.5 graphics configuration of teTeX/TeXLive
)
Package graphics Info: Driver file: pdftex.def on input line 91.

(C:\CTEX\MiKTeX\tex\latex\pdftex-def\pdftex.def
File: pdftex.def 2011/05/27 v0.06d Graphics/color for pdfTeX

(C:\CTEX\MiKTeX\tex\generic\oberdiek\infwarerr.sty
Package: infwarerr 2010/04/08 v1.3 Providing info/warning/message (HO)
)
(C:\CTEX\MiKTeX\tex\generic\oberdiek\ltxcmds.sty
Package: ltxcmds 2011/04/18 v1.20 LaTeX kernel commands for general use (HO)
)
\Gread@gobject=\count87
))
\Gin@req@height=\dimen104
\Gin@req@width=\dimen105
)
\c@tnote=\count88
\c@fnote=\count89
\c@cnote=\count90
\c@ead=\count91
\c@author=\count92
\@eadauthor=\toks15
\c@affn=\count93
\absbox=\box26
\keybox=\box27
\Columnwidth=\dimen106
\space@left=\dimen107
\els@boxa=\box28
\els@boxb=\box29
\leftMargin=\dimen108
\@enLab=\toks16
\@sep=\skip43
\@@sep=\skip44

(D:\ç¡•å£«è®ºæ–‡\JCOMP_template\JCOMP-template\jcomp-template.spl)
(C:\CTEX\MiKTeX\tex\latex\natbib\natbib.sty
Package: natbib 2010/09/13 8.31b (PWD, AO)
\bibhang=\skip45
\bibsep=\skip46
LaTeX Info: Redefining \cite on input line 694.
\c@NAT@ctr=\count94
)
\splwrite=\write3
\appnamewidth=\dimen109
)
(C:\CTEX\MiKTeX\tex\latex\txfonts\txfonts.sty
Package: txfonts 2008/01/22 v3.2.1
LaTeX Font Info:    Redeclaring symbol font `operators' on input line 21.
LaTeX Font Info:    Overwriting symbol font `operators' in version `normal'
(Font)                  OT1/cmr/m/n --> OT1/txr/m/n on input line 21.
LaTeX Font Info:    Overwriting symbol font `operators' in version `bold'
(Font)                  OT1/cmr/bx/n --> OT1/txr/m/n on input line 21.
LaTeX Font Info:    Overwriting symbol font `operators' in version `bold'
(Font)                  OT1/txr/m/n --> OT1/txr/bx/n on input line 22.
\symitalic=\mathgroup4
LaTeX Font Info:    Overwriting symbol font `italic' in version `bold'
(Font)                  OT1/txr/m/it --> OT1/txr/bx/it on input line 26.
LaTeX Font Info:    Redeclaring math alphabet \mathbf on input line 29.
LaTeX Font Info:    Overwriting math alphabet `\mathbf' in version `normal'
(Font)                  OT1/cmr/bx/n --> OT1/txr/bx/n on input line 29.
LaTeX Font Info:    Overwriting math alphabet `\mathbf' in version `bold'
(Font)                  OT1/cmr/bx/n --> OT1/txr/bx/n on input line 29.
LaTeX Font Info:    Redeclaring math alphabet \mathit on input line 30.
LaTeX Font Info:    Overwriting math alphabet `\mathit' in version `normal'
(Font)                  OT1/cmr/m/it --> OT1/txr/m/it on input line 30.
LaTeX Font Info:    Overwriting math alphabet `\mathit' in version `bold'
(Font)                  OT1/cmr/bx/it --> OT1/txr/m/it on input line 30.
LaTeX Font Info:    Overwriting math alphabet `\mathit' in version `bold'
(Font)                  OT1/txr/m/it --> OT1/txr/bx/it on input line 31.
LaTeX Font Info:    Redeclaring math alphabet \mathsf on input line 40.
LaTeX Font Info:    Overwriting math alphabet `\mathsf' in version `normal'
(Font)                  OT1/cmss/m/n --> OT1/txss/m/n on input line 40.
LaTeX Font Info:    Overwriting math alphabet `\mathsf' in version `bold'
(Font)                  OT1/cmss/bx/n --> OT1/txss/m/n on input line 40.
LaTeX Font Info:    Overwriting math alphabet `\mathsf' in version `bold'
(Font)                  OT1/txss/m/n --> OT1/txss/b/n on input line 41.
LaTeX Font Info:    Redeclaring math alphabet \mathtt on input line 50.
LaTeX Font Info:    Overwriting math alphabet `\mathtt' in version `normal'
(Font)                  OT1/cmtt/m/n --> OT1/txtt/m/n on input line 50.
LaTeX Font Info:    Overwriting math alphabet `\mathtt' in version `bold'
(Font)                  OT1/cmtt/m/n --> OT1/txtt/m/n on input line 50.
LaTeX Font Info:    Overwriting math alphabet `\mathtt' in version `bold'
(Font)                  OT1/txtt/m/n --> OT1/txtt/b/n on input line 51.
LaTeX Font Info:    Redeclaring symbol font `letters' on input line 58.
LaTeX Font Info:    Overwriting symbol font `letters' in version `normal'
(Font)                  OML/cmm/m/it --> OML/txmi/m/it on input line 58.
LaTeX Font Info:    Overwriting symbol font `letters' in version `bold'
(Font)                  OML/cmm/b/it --> OML/txmi/m/it on input line 58.
LaTeX Font Info:    Overwriting symbol font `letters' in version `bold'
(Font)                  OML/txmi/m/it --> OML/txmi/bx/it on input line 59.
\symlettersA=\mathgroup5
LaTeX Font Info:    Overwriting symbol font `lettersA' in version `bold'
(Font)                  U/txmia/m/it --> U/txmia/bx/it on input line 67.
LaTeX Font Info:    Redeclaring symbol font `symbols' on input line 77.
LaTeX Font Info:    Overwriting symbol font `symbols' in version `normal'
(Font)                  OMS/cmsy/m/n --> OMS/txsy/m/n on input line 77.
LaTeX Font Info:    Overwriting symbol font `symbols' in version `bold'
(Font)                  OMS/cmsy/b/n --> OMS/txsy/m/n on input line 77.
LaTeX Font Info:    Overwriting symbol font `symbols' in version `bold'
(Font)                  OMS/txsy/m/n --> OMS/txsy/bx/n on input line 78.
\symAMSa=\mathgroup6
LaTeX Font Info:    Overwriting symbol font `AMSa' in version `bold'
(Font)                  U/txsya/m/n --> U/txsya/bx/n on input line 94.
\symAMSb=\mathgroup7
LaTeX Font Info:    Overwriting symbol font `AMSb' in version `bold'
(Font)                  U/txsyb/m/n --> U/txsyb/bx/n on input line 103.
\symsymbolsC=\mathgroup8
LaTeX Font Info:    Overwriting symbol font `symbolsC' in version `bold'
(Font)                  U/txsyc/m/n --> U/txsyc/bx/n on input line 113.
LaTeX Font Info:    Redeclaring symbol font `largesymbols' on input line 120.
LaTeX Font Info:    Overwriting symbol font `largesymbols' in version `normal'
(Font)                  OMX/cmex/m/n --> OMX/txex/m/n on input line 120.
LaTeX Font Info:    Overwriting symbol font `largesymbols' in version `bold'
(Font)                  OMX/cmex/m/n --> OMX/txex/m/n on input line 120.
LaTeX Font Info:    Overwriting symbol font `largesymbols' in version `bold'
(Font)                  OMX/txex/m/n --> OMX/txex/bx/n on input line 121.
\symlargesymbolsA=\mathgroup9
LaTeX Font Info:    Overwriting symbol font `largesymbolsA' in version `bold'
(Font)                  U/txexa/m/n --> U/txexa/bx/n on input line 129.
LaTeX Info: Redefining \not on input line 1043.
)
(D:\ç¡•å£«è®ºæ–‡\JCOMP_template\JCOMP-template\jcomp.sty
elsarticle.cls is loaded...
(C:\CTEX\MiKTeX\tex\latex\geometry\geometry.sty
Package: geometry 2010/09/12 v5.6 Page Geometry

(C:\CTEX\MiKTeX\tex\generic\oberdiek\ifpdf.sty
Package: ifpdf 2011/01/30 v2.3 Provides the ifpdf switch (HO)
Package ifpdf Info: pdfTeX in PDF mode is detected.
)
(C:\CTEX\MiKTeX\tex\generic\oberdiek\ifvtex.sty
Package: ifvtex 2010/03/01 v1.5 Switches for detecting VTeX and its modes (HO)
Package ifvtex Info: VTeX not detected.
)
(C:\CTEX\MiKTeX\tex\generic\ifxetex\ifxetex.sty
Package: ifxetex 2010/09/12 v0.6 Provides ifxetex conditional
)
\Gm@cnth=\count95
\Gm@cntv=\count96
\c@Gm@tempcnt=\count97
\Gm@bindingoffset=\dimen110
\Gm@wd@mp=\dimen111
\Gm@odd@mp=\dimen112
\Gm@even@mp=\dimen113
\Gm@layoutwidth=\dimen114
\Gm@layoutheight=\dimen115
\Gm@layouthoffset=\dimen116
\Gm@layoutvoffset=\dimen117
\Gm@dimlist=\toks17

(C:\CTEX\MiKTeX\tex\latex\geometry\geometry.cfg))

Package geometry Warning: Over-specification in `h'-direction.
    `width' (467.75pt) is ignored.


Package geometry Warning: Over-specification in `v'-direction.
    `height' (635.35pt) is ignored.

(C:\CTEX\MiKTeX\tex\latex\base\fleqn.clo
File: fleqn.clo 1998/08/17 v1.1c Standard LaTeX option (flush left equations)
\mathindent=\dimen118
)
(C:\CTEX\MiKTeX\tex\latex\multirow\multirow.sty
\bigstrutjot=\dimen119
)
(C:\CTEX\MiKTeX\tex\latex\graphics\color.sty
Package: color 2005/11/14 v1.0j Standard LaTeX Color (DPC)

(C:\CTEX\MiKTeX\tex\latex\00miktex\color.cfg
File: color.cfg 2007/01/18 v1.5 color configuration of teTeX/TeXLive
)
Package color Info: Driver file: pdftex.def on input line 130.
))
(C:\CTEX\MiKTeX\tex\latex\framed\framed.sty
Package: framed 2007/10/04 v 0.95: framed or shaded text with page breaks
\fb@frw=\dimen120
\fb@frh=\dimen121
\FrameRule=\dimen122
\FrameSep=\dimen123
)
(C:\CTEX\MiKTeX\tex\latex\amsfonts\amssymb.sty
Package: amssymb 2009/06/22 v3.00

(C:\CTEX\MiKTeX\tex\latex\amsfonts\amsfonts.sty
Package: amsfonts 2009/06/22 v3.00 Basic AMSFonts support
\@emptytoks=\toks18
LaTeX Font Info:    Redeclaring symbol font `AMSa' on input line 49.
LaTeX Font Info:    Overwriting symbol font `AMSa' in version `normal'
(Font)                  U/txsya/m/n --> U/msa/m/n on input line 49.
LaTeX Font Info:    Overwriting symbol font `AMSa' in version `bold'
(Font)                  U/txsya/bx/n --> U/msa/m/n on input line 49.
LaTeX Font Info:    Redeclaring symbol font `AMSb' on input line 50.
LaTeX Font Info:    Overwriting symbol font `AMSb' in version `normal'
(Font)                  U/txsyb/m/n --> U/msb/m/n on input line 50.
LaTeX Font Info:    Overwriting symbol font `AMSb' in version `bold'
(Font)                  U/txsyb/bx/n --> U/msb/m/n on input line 50.
LaTeX Font Info:    Redeclaring math delimiter \ulcorner on input line 64.
LaTeX Font Info:    Redeclaring math delimiter \urcorner on input line 65.
LaTeX Font Info:    Redeclaring math delimiter \llcorner on input line 66.
LaTeX Font Info:    Redeclaring math delimiter \lrcorner on input line 67.
LaTeX Font Info:    Redeclaring math alphabet \mathfrak on input line 95.
LaTeX Font Info:    Overwriting math alphabet `\mathfrak' in version `bold'
(Font)                  U/euf/m/n --> U/euf/b/n on input line 96.
LaTeX Font Info:    Redeclaring math symbol \square on input line 128.
LaTeX Font Info:    Redeclaring math symbol \lozenge on input line 129.
LaTeX Font Info:    Redeclaring math symbol \vartriangleright on input line 130
.
LaTeX Font Info:    Redeclaring math symbol \vartriangleleft on input line 131.

LaTeX Font Info:    Redeclaring math symbol \trianglerighteq on input line 132.

LaTeX Font Info:    Redeclaring math symbol \trianglelefteq on input line 133.
LaTeX Font Info:    Redeclaring math symbol \rightsquigarrow on input line 134.

)
LaTeX Font Info:    Redeclaring math symbol \boxdot on input line 39.
LaTeX Font Info:    Redeclaring math symbol \boxplus on input line 40.
LaTeX Font Info:    Redeclaring math symbol \boxtimes on input line 41.
LaTeX Font Info:    Redeclaring math symbol \blacksquare on input line 43.
LaTeX Font Info:    Redeclaring math symbol \centerdot on input line 44.
LaTeX Font Info:    Redeclaring math symbol \blacklozenge on input line 46.
LaTeX Font Info:    Redeclaring math symbol \circlearrowright on input line 47.

LaTeX Font Info:    Redeclaring math symbol \circlearrowleft on input line 48.
LaTeX Font Info:    Redeclaring math symbol \leftrightharpoons on input line 51
.
LaTeX Font Info:    Redeclaring math symbol \boxminus on input line 52.
LaTeX Font Info:    Redeclaring math symbol \Vdash on input line 53.
LaTeX Font Info:    Redeclaring math symbol \Vvdash on input line 54.
LaTeX Font Info:    Redeclaring math symbol \vDash on input line 55.
LaTeX Font Info:    Redeclaring math symbol \twoheadrightarrow on input line 56
.
LaTeX Font Info:    Redeclaring math symbol \twoheadleftarrow on input line 57.

LaTeX Font Info:    Redeclaring math symbol \leftleftarrows on input line 58.
LaTeX Font Info:    Redeclaring math symbol \rightrightarrows on input line 59.

LaTeX Font Info:    Redeclaring math symbol \upuparrows on input line 60.
LaTeX Font Info:    Redeclaring math symbol \downdownarrows on input line 61.
LaTeX Font Info:    Redeclaring math symbol \upharpoonright on input line 62.
LaTeX Font Info:    Redeclaring math symbol \downharpoonright on input line 64.

LaTeX Font Info:    Redeclaring math symbol \upharpoonleft on input line 65.
LaTeX Font Info:    Redeclaring math symbol \downharpoonleft on input line 66.
LaTeX Font Info:    Redeclaring math symbol \rightarrowtail on input line 67.
LaTeX Font Info:    Redeclaring math symbol \leftarrowtail on input line 68.
LaTeX Font Info:    Redeclaring math symbol \leftrightarrows on input line 69.
LaTeX Font Info:    Redeclaring math symbol \rightleftarrows on input line 70.
LaTeX Font Info:    Redeclaring math symbol \Lsh on input line 71.
LaTeX Font Info:    Redeclaring math symbol \Rsh on input line 72.
LaTeX Font Info:    Redeclaring math symbol \leftrightsquigarrow on input line 
74.
LaTeX Font Info:    Redeclaring math symbol \looparrowleft on input line 75.
LaTeX Font Info:    Redeclaring math symbol \looparrowright on input line 76.
LaTeX Font Info:    Redeclaring math symbol \circeq on input line 77.
LaTeX Font Info:    Redeclaring math symbol \succsim on input line 78.
LaTeX Font Info:    Redeclaring math symbol \gtrsim on input line 79.
LaTeX Font Info:    Redeclaring math symbol \gtrapprox on input line 80.
LaTeX Font Info:    Redeclaring math symbol \multimap on input line 81.
LaTeX Font Info:    Redeclaring math symbol \therefore on input line 82.
LaTeX Font Info:    Redeclaring math symbol \because on input line 83.
LaTeX Font Info:    Redeclaring math symbol \doteqdot on input line 84.
LaTeX Font Info:    Redeclaring math symbol \triangleq on input line 86.
LaTeX Font Info:    Redeclaring math symbol \precsim on input line 87.
LaTeX Font Info:    Redeclaring math symbol \lesssim on input line 88.
LaTeX Font Info:    Redeclaring math symbol \lessapprox on input line 89.
LaTeX Font Info:    Redeclaring math symbol \eqslantless on input line 90.
LaTeX Font Info:    Redeclaring math symbol \eqslantgtr on input line 91.
LaTeX Font Info:    Redeclaring math symbol \curlyeqprec on input line 92.
LaTeX Font Info:    Redeclaring math symbol \curlyeqsucc on input line 93.
LaTeX Font Info:    Redeclaring math symbol \preccurlyeq on input line 94.
LaTeX Font Info:    Redeclaring math symbol \leqq on input line 95.
LaTeX Font Info:    Redeclaring math symbol \leqslant on input line 96.
LaTeX Font Info:    Redeclaring math symbol \lessgtr on input line 97.
LaTeX Font Info:    Redeclaring math symbol \backprime on input line 98.
LaTeX Font Info:    Redeclaring math symbol \risingdotseq on input line 99.
LaTeX Font Info:    Redeclaring math symbol \fallingdotseq on input line 100.
LaTeX Font Info:    Redeclaring math symbol \succcurlyeq on input line 101.
LaTeX Font Info:    Redeclaring math symbol \geqq on input line 102.
LaTeX Font Info:    Redeclaring math symbol \geqslant on input line 103.
LaTeX Font Info:    Redeclaring math symbol \gtrless on input line 104.
LaTeX Font Info:    Redeclaring math symbol \bigstar on input line 112.
LaTeX Font Info:    Redeclaring math symbol \between on input line 113.
LaTeX Font Info:    Redeclaring math symbol \blacktriangledown on input line 11
4.
LaTeX Font Info:    Redeclaring math symbol \blacktriangleright on input line 1
15.
LaTeX Font Info:    Redeclaring math symbol \blacktriangleleft on input line 11
6.
LaTeX Font Info:    Redeclaring math symbol \vartriangle on input line 117.
LaTeX Font Info:    Redeclaring math symbol \blacktriangle on input line 118.
LaTeX Font Info:    Redeclaring math symbol \triangledown on input line 119.
LaTeX Font Info:    Redeclaring math symbol \eqcirc on input line 120.
LaTeX Font Info:    Redeclaring math symbol \lesseqgtr on input line 121.
LaTeX Font Info:    Redeclaring math symbol \gtreqless on input line 122.
LaTeX Font Info:    Redeclaring math symbol \lesseqqgtr on input line 123.
LaTeX Font Info:    Redeclaring math symbol \gtreqqless on input line 124.
LaTeX Font Info:    Redeclaring math symbol \Rrightarrow on input line 125.
LaTeX Font Info:    Redeclaring math symbol \Lleftarrow on input line 126.
LaTeX Font Info:    Redeclaring math symbol \veebar on input line 127.
LaTeX Font Info:    Redeclaring math symbol \barwedge on input line 128.
LaTeX Font Info:    Redeclaring math symbol \doublebarwedge on input line 129.
LaTeX Font Info:    Redeclaring math symbol \measuredangle on input line 132.
LaTeX Font Info:    Redeclaring math symbol \sphericalangle on input line 133.
LaTeX Font Info:    Redeclaring math symbol \varpropto on input line 134.
LaTeX Font Info:    Redeclaring math symbol \smallsmile on input line 135.
LaTeX Font Info:    Redeclaring math symbol \smallfrown on input line 136.
LaTeX Font Info:    Redeclaring math symbol \Subset on input line 137.
LaTeX Font Info:    Redeclaring math symbol \Supset on input line 138.
LaTeX Font Info:    Redeclaring math symbol \Cup on input line 139.
LaTeX Font Info:    Redeclaring math symbol \Cap on input line 141.
LaTeX Font Info:    Redeclaring math symbol \curlywedge on input line 143.
LaTeX Font Info:    Redeclaring math symbol \curlyvee on input line 144.
LaTeX Font Info:    Redeclaring math symbol \leftthreetimes on input line 145.
LaTeX Font Info:    Redeclaring math symbol \rightthreetimes on input line 146.

LaTeX Font Info:    Redeclaring math symbol \subseteqq on input line 147.
LaTeX Font Info:    Redeclaring math symbol \supseteqq on input line 148.
LaTeX Font Info:    Redeclaring math symbol \bumpeq on input line 149.
LaTeX Font Info:    Redeclaring math symbol \Bumpeq on input line 150.
LaTeX Font Info:    Redeclaring math symbol \lll on input line 151.
LaTeX Font Info:    Redeclaring math symbol \ggg on input line 153.
LaTeX Font Info:    Redeclaring math symbol \circledS on input line 155.
LaTeX Font Info:    Redeclaring math symbol \pitchfork on input line 156.
LaTeX Font Info:    Redeclaring math symbol \dotplus on input line 157.
LaTeX Font Info:    Redeclaring math symbol \backsim on input line 158.
LaTeX Font Info:    Redeclaring math symbol \backsimeq on input line 159.
LaTeX Font Info:    Redeclaring math symbol \complement on input line 160.
LaTeX Font Info:    Redeclaring math symbol \intercal on input line 161.
LaTeX Font Info:    Redeclaring math symbol \circledcirc on input line 162.
LaTeX Font Info:    Redeclaring math symbol \circledast on input line 163.
LaTeX Font Info:    Redeclaring math symbol \circleddash on input line 164.
LaTeX Font Info:    Redeclaring math symbol \lvertneqq on input line 166.
LaTeX Font Info:    Redeclaring math symbol \gvertneqq on input line 167.
LaTeX Font Info:    Redeclaring math symbol \nleq on input line 168.
LaTeX Font Info:    Redeclaring math symbol \ngeq on input line 169.
LaTeX Font Info:    Redeclaring math symbol \nless on input line 170.
LaTeX Font Info:    Redeclaring math symbol \ngtr on input line 171.
LaTeX Font Info:    Redeclaring math symbol \nprec on input line 172.
LaTeX Font Info:    Redeclaring math symbol \nsucc on input line 173.
LaTeX Font Info:    Redeclaring math symbol \lneqq on input line 174.
LaTeX Font Info:    Redeclaring math symbol \gneqq on input line 175.
LaTeX Font Info:    Redeclaring math symbol \nleqslant on input line 176.
LaTeX Font Info:    Redeclaring math symbol \ngeqslant on input line 177.
LaTeX Font Info:    Redeclaring math symbol \lneq on input line 178.
LaTeX Font Info:    Redeclaring math symbol \gneq on input line 179.
LaTeX Font Info:    Redeclaring math symbol \npreceq on input line 180.
LaTeX Font Info:    Redeclaring math symbol \nsucceq on input line 181.
LaTeX Font Info:    Redeclaring math symbol \precnsim on input line 182.
LaTeX Font Info:    Redeclaring math symbol \succnsim on input line 183.
LaTeX Font Info:    Redeclaring math symbol \lnsim on input line 184.
LaTeX Font Info:    Redeclaring math symbol \gnsim on input line 185.
LaTeX Font Info:    Redeclaring math symbol \nleqq on input line 186.
LaTeX Font Info:    Redeclaring math symbol \ngeqq on input line 187.
LaTeX Font Info:    Redeclaring math symbol \precneqq on input line 188.
LaTeX Font Info:    Redeclaring math symbol \succneqq on input line 189.
LaTeX Font Info:    Redeclaring math symbol \precnapprox on input line 190.
LaTeX Font Info:    Redeclaring math symbol \succnapprox on input line 191.
LaTeX Font Info:    Redeclaring math symbol \lnapprox on input line 192.
LaTeX Font Info:    Redeclaring math symbol \gnapprox on input line 193.
LaTeX Font Info:    Redeclaring math symbol \nsim on input line 194.
LaTeX Font Info:    Redeclaring math symbol \ncong on input line 195.
LaTeX Font Info:    Redeclaring math symbol \diagup on input line 196.
LaTeX Font Info:    Redeclaring math symbol \diagdown on input line 197.
LaTeX Font Info:    Redeclaring math symbol \varsubsetneq on input line 198.
LaTeX Font Info:    Redeclaring math symbol \varsupsetneq on input line 199.
LaTeX Font Info:    Redeclaring math symbol \nsubseteqq on input line 200.
LaTeX Font Info:    Redeclaring math symbol \nsupseteqq on input line 201.
LaTeX Font Info:    Redeclaring math symbol \subsetneqq on input line 202.
LaTeX Font Info:    Redeclaring math symbol \supsetneqq on input line 203.
LaTeX Font Info:    Redeclaring math symbol \varsubsetneqq on input line 204.
LaTeX Font Info:    Redeclaring math symbol \varsupsetneqq on input line 205.
LaTeX Font Info:    Redeclaring math symbol \subsetneq on input line 206.
LaTeX Font Info:    Redeclaring math symbol \supsetneq on input line 207.
LaTeX Font Info:    Redeclaring math symbol \nsubseteq on input line 208.
LaTeX Font Info:    Redeclaring math symbol \nsupseteq on input line 209.
LaTeX Font Info:    Redeclaring math symbol \nparallel on input line 210.
LaTeX Font Info:    Redeclaring math symbol \nmid on input line 211.
LaTeX Font Info:    Redeclaring math symbol \nshortmid on input line 212.
LaTeX Font Info:    Redeclaring math symbol \nshortparallel on input line 213.
LaTeX Font Info:    Redeclaring math symbol \nvdash on input line 214.
LaTeX Font Info:    Redeclaring math symbol \nVdash on input line 215.
LaTeX Font Info:    Redeclaring math symbol \nvDash on input line 216.
LaTeX Font Info:    Redeclaring math symbol \nVDash on input line 217.
LaTeX Font Info:    Redeclaring math symbol \ntrianglerighteq on input line 218
.
LaTeX Font Info:    Redeclaring math symbol \ntrianglelefteq on input line 219.

LaTeX Font Info:    Redeclaring math symbol \ntriangleleft on input line 220.
LaTeX Font Info:    Redeclaring math symbol \ntriangleright on input line 221.
LaTeX Font Info:    Redeclaring math symbol \nleftarrow on input line 222.
LaTeX Font Info:    Redeclaring math symbol \nrightarrow on input line 223.
LaTeX Font Info:    Redeclaring math symbol \nLeftarrow on input line 224.
LaTeX Font Info:    Redeclaring math symbol \nRightarrow on input line 225.
LaTeX Font Info:    Redeclaring math symbol \nLeftrightarrow on input line 226.

LaTeX Font Info:    Redeclaring math symbol \nleftrightarrow on input line 227.

LaTeX Font Info:    Redeclaring math symbol \divideontimes on input line 228.
LaTeX Font Info:    Redeclaring math symbol \varnothing on input line 229.
LaTeX Font Info:    Redeclaring math symbol \nexists on input line 230.
LaTeX Font Info:    Redeclaring math symbol \Finv on input line 231.
LaTeX Font Info:    Redeclaring math symbol \Game on input line 232.
LaTeX Font Info:    Redeclaring math symbol \eth on input line 235.
LaTeX Font Info:    Redeclaring math symbol \eqsim on input line 236.
LaTeX Font Info:    Redeclaring math symbol \beth on input line 237.
LaTeX Font Info:    Redeclaring math symbol \gimel on input line 238.
LaTeX Font Info:    Redeclaring math symbol \daleth on input line 239.
LaTeX Font Info:    Redeclaring math symbol \lessdot on input line 240.
LaTeX Font Info:    Redeclaring math symbol \gtrdot on input line 241.
LaTeX Font Info:    Redeclaring math symbol \ltimes on input line 242.
LaTeX Font Info:    Redeclaring math symbol \rtimes on input line 243.
LaTeX Font Info:    Redeclaring math symbol \shortmid on input line 244.
LaTeX Font Info:    Redeclaring math symbol \shortparallel on input line 245.
LaTeX Font Info:    Redeclaring math symbol \smallsetminus on input line 246.
LaTeX Font Info:    Redeclaring math symbol \thicksim on input line 247.
LaTeX Font Info:    Redeclaring math symbol \thickapprox on input line 248.
LaTeX Font Info:    Redeclaring math symbol \approxeq on input line 249.
LaTeX Font Info:    Redeclaring math symbol \succapprox on input line 250.
LaTeX Font Info:    Redeclaring math symbol \precapprox on input line 251.
LaTeX Font Info:    Redeclaring math symbol \curvearrowleft on input line 252.
LaTeX Font Info:    Redeclaring math symbol \curvearrowright on input line 253.

LaTeX Font Info:    Redeclaring math symbol \digamma on input line 254.
LaTeX Font Info:    Redeclaring math symbol \varkappa on input line 255.
LaTeX Font Info:    Redeclaring math symbol \Bbbk on input line 256.
LaTeX Font Info:    Redeclaring math symbol \hslash on input line 257.
LaTeX Font Info:    Redeclaring math symbol \backepsilon on input line 260.
)
(C:\CTEX\MiKTeX\tex\latex\base\latexsym.sty
Package: latexsym 1998/08/17 v2.2e Standard LaTeX package (lasy symbols)
\symlasy=\mathgroup10
LaTeX Font Info:    Overwriting symbol font `lasy' in version `bold'
(Font)                  U/lasy/m/n --> U/lasy/b/n on input line 47.
)
(C:\CTEX\MiKTeX\tex\latex\ltxmisc\url.sty
\Urlmuskip=\muskip10
Package: url 2006/04/12  ver 3.3  Verb mode for urls, etc.
)
(C:\CTEX\MiKTeX\tex\latex\xcolor\xcolor.sty
Package: xcolor 2007/01/21 v2.11 LaTeX color extensions (UK)

(C:\CTEX\MiKTeX\tex\latex\00miktex\color.cfg
File: color.cfg 2007/01/18 v1.5 color configuration of teTeX/TeXLive
)
Package xcolor Info: Driver file: pdftex.def on input line 225.
LaTeX Info: Redefining \color on input line 702.
Package xcolor Info: Model `cmy' substituted by `cmy0' on input line 1337.
Package xcolor Info: Model `hsb' substituted by `rgb' on input line 1341.
Package xcolor Info: Model `RGB' extended on input line 1353.
Package xcolor Info: Model `HTML' substituted by `rgb' on input line 1355.
Package xcolor Info: Model `Hsb' substituted by `hsb' on input line 1356.
Package xcolor Info: Model `tHsb' substituted by `hsb' on input line 1357.
Package xcolor Info: Model `HSB' substituted by `hsb' on input line 1358.
Package xcolor Info: Model `Gray' substituted by `gray' on input line 1359.
Package xcolor Info: Model `wave' substituted by `hsb' on input line 1360.
)
(D:\ç¡•å£«è®ºæ–‡\JCOMP_template\JCOMP-template\jcomp-template.aux)
LaTeX Font Info:    Checking defaults for OML/txmi/m/it on input line 58.
LaTeX Font Info:    Try loading font information for OML+txmi on input line 58.


(C:\CTEX\MiKTeX\tex\latex\txfonts\omltxmi.fd
File: omltxmi.fd 2000/12/15 v3.1
)
LaTeX Font Info:    ... okay on input line 58.
LaTeX Font Info:    Checking defaults for T1/cmr/m/n on input line 58.
LaTeX Font Info:    ... okay on input line 58.
LaTeX Font Info:    Checking defaults for OT1/cmr/m/n on input line 58.
LaTeX Font Info:    ... okay on input line 58.
LaTeX Font Info:    Checking defaults for OMS/txsy/m/n on input line 58.
LaTeX Font Info:    Try loading font information for OMS+txsy on input line 58.


(C:\CTEX\MiKTeX\tex\latex\txfonts\omstxsy.fd
File: omstxsy.fd 2000/12/15 v3.1
)
LaTeX Font Info:    ... okay on input line 58.
LaTeX Font Info:    Checking defaults for OMX/txex/m/n on input line 58.
LaTeX Font Info:    Try loading font information for OMX+txex on input line 58.


(C:\CTEX\MiKTeX\tex\latex\txfonts\omxtxex.fd
File: omxtxex.fd 2000/12/15 v3.1
)
LaTeX Font Info:    ... okay on input line 58.
LaTeX Font Info:    Checking defaults for U/txexa/m/n on input line 58.
LaTeX Font Info:    Try loading font information for U+txexa on input line 58.

(C:\CTEX\MiKTeX\tex\latex\txfonts\utxexa.fd
File: utxexa.fd 2000/12/15 v3.1
)
LaTeX Font Info:    ... okay on input line 58.
LaTeX Font Info:    Try loading font information for OT1+txr on input line 58.

(C:\CTEX\MiKTeX\tex\latex\txfonts\ot1txr.fd
File: ot1txr.fd 2000/12/15 v3.1
)
(C:\CTEX\MiKTeX\tex\context\base\supp-pdf.mkii
[Loading MPS to PDF converter (version 2006.09.02).]
\scratchcounter=\count98
\scratchdimen=\dimen124
\scratchbox=\box30
\nofMPsegments=\count99
\nofMParguments=\count100
\everyMPshowfont=\toks19
\MPscratchCnt=\count101
\MPscratchDim=\dimen125
\MPnumerator=\count102
\makeMPintoPDFobject=\count103
\everyMPtoPDFconversion=\toks20
)
*geometry* driver: auto-detecting
*geometry* detected driver: pdftex
*geometry* verbose mode - [ preamble ] result:
* driver: pdftex
* paper: custom
* layout: <same size as paper>
* layoutoffset:(h,v)=(0.0pt,0.0pt)
* modes: twoside 
* h-part:(L,W,R)=(37.0pt, 467.29291pt, 42.0pt)
* v-part:(T,H,B)=(52.0pt, 641.4622pt, 52.0pt)
* \paperwidth=546.29291pt
* \paperheight=745.4622pt
* \textwidth=467.29291pt
* \textheight=641.4622pt
* \oddsidemargin=-35.26999pt
* \evensidemargin=-30.26999pt
* \topmargin=-44.26999pt
* \headheight=12.0pt
* \headsep=12.0pt
* \topskip=10.0pt
* \footskip=16.0pt
* \marginparwidth=65.0pt
* \marginparsep=11.0pt
* \columnsep=18.0pt
* \skip\footins=28.0pt plus 2.0pt minus 6.0pt
* \hoffset=0.0pt
* \voffset=0.0pt
* \mag=1000
* \@twocolumnfalse
* \@twosidetrue
* \@mparswitchtrue
* \@reversemarginfalse
* (1in=72.27pt=25.4mm, 1cm=28.453pt)

LaTeX Font Info:    Try loading font information for OMS+txr on input line 93.
(C:\CTEX\MiKTeX\tex\latex\txfonts\omstxr.fd
File: omstxr.fd 2000/12/15 v3.1
)
LaTeX Font Info:    Font shape `OMS/txr/m/n' in size <10> not available
(Font)              Font shape `OMS/txsy/m/n' tried instead on input line 93.


pdfTeX warning: pdflatex.exe (file D:/ç¡•å£«è®ºæ–‡/JCOMP_template/JCOMP-templat
e/elsevier-logo.pdf): PDF inclusion: found PDF version <1.7>, but at most versi
on <1.5> allowed
<elsevier-logo.pdf, id=1, 59.7432pt x 65.5248pt>
File: elsevier-logo.pdf Graphic file (type pdf)
 <use elsevier-logo.pdf>
Package pdftex.def Info: elsevier-logo.pdf used on input line 103.
(pdftex.def)             Requested size: 59.74303pt x 65.52463pt.
LaTeX Font Info:    Try loading font information for OT1+txss on input line 103
.

(C:\CTEX\MiKTeX\tex\latex\txfonts\ot1txss.fd
File: ot1txss.fd 2000/12/15 v3.1
)
LaTeX Font Info:    Font shape `OT1/txss/m/n' will be
(Font)              scaled to size 9.49997pt on input line 103.
LaTeX Font Info:    Font shape `OT1/txss/m/n' will be
(Font)              scaled to size 8.07497pt on input line 103.


Package xcolor Warning: Incompatible color definition on input line 103.

<jcomp-logo.pdf, id=2, 236.885pt x 299.1175pt>
File: jcomp-logo.pdf Graphic file (type pdf)
 <use jcomp-logo.pdf>
Package pdftex.def Info: jcomp-logo.pdf used on input line 103.
(pdftex.def)             Requested size: 57.52948pt x 72.46971pt.

Overfull \hbox (1.02397pt too wide) in paragraph at lines 103--103
[][] 
 []

LaTeX Font Info:    Try loading font information for U+txmia on input line 103.

(C:\CTEX\MiKTeX\tex\latex\txfonts\utxmia.fd
File: utxmia.fd 2000/12/15 v3.1
)
LaTeX Font Info:    Try loading font information for U+msa on input line 103.

(C:\CTEX\MiKTeX\tex\latex\amsfonts\umsa.fd
File: umsa.fd 2009/06/22 v3.00 AMS symbols A
)
LaTeX Font Info:    Try loading font information for U+msb on input line 103.

(C:\CTEX\MiKTeX\tex\latex\amsfonts\umsb.fd
File: umsb.fd 2009/06/22 v3.00 AMS symbols B
)
LaTeX Font Info:    Try loading font information for U+txsyc on input line 103.


(C:\CTEX\MiKTeX\tex\latex\txfonts\utxsyc.fd
File: utxsyc.fd 2000/12/15 v3.1
)
LaTeX Font Info:    Try loading font information for U+lasy on input line 103.

(C:\CTEX\MiKTeX\tex\latex\base\ulasy.fd
File: ulasy.fd 1998/08/17 v2.2e LaTeX symbol font definitions
)
Underfull \hbox (badness 10000) in alignment at lines 103--103
[][]
 []


Underfull \hbox (badness 10000) in paragraph at lines 103--103

 []


Underfull \hbox (badness 10000) in alignment at lines 103--103
[][]
 []


Underfull \hbox (badness 10000) in paragraph at lines 103--103
 
 []

[1{C:/CTEX/UserData/pdftex/config/pdftex.map{Unicode.sfd}{UGBK.sfd}}

 <D:/ç¡•å£«è®ºæ–‡/JCOMP_template/JCOMP-template/elsevier-logo.pdf> <D:/ç¡•å£«è®
ºæ–‡/JCOMP_template/JCOMP-template/jcomp-logo.pdf>]
Underfull \hbox (badness 10000) in paragraph at lines 195--195
[]\OT1/txr/m/n/10 Algorithm
 []


Underfull \hbox (badness 2547) in paragraph at lines 196--196
[]\OT1/txr/m/n/10 Top in-di-vid-u-al per-
 []


Underfull \hbox (badness 10000) in paragraph at lines 198--200
[]\OT1/txr/m/n/10 UK-BWG
 []


Underfull \hbox (badness 10000) in paragraph at lines 198--200
\OT1/txr/m/n/10 (Mans-field et
 []


Underfull \hbox (badness 10000) in paragraph at lines 209--211
[]\OT1/txr/m/n/10 Brunelli
 []


Underfull \hbox (badness 10000) in paragraph at lines 209--211
\OT1/txr/m/n/10 (Brunel-li
 []


Underfull \hbox (badness 4886) in paragraph at lines 209--211
\OT1/txr/m/n/10 and Falav-i-gna,
 []


Underfull \hbox (badness 10000) in paragraph at lines 252--255
[]\OT1/txr/m/n/10 Sanderson
 []


Overfull \hbox (15.31609pt too wide) in paragraph at lines 193--287
 [][] 
 []

<jcompfig01.pdf, id=24, 430.60875pt x 352.31625pt>
File: jcompfig01.pdf Graphic file (type pdf)
 <use jcompfig01.pdf>
Package pdftex.def Info: jcompfig01.pdf used on input line 307.
(pdftex.def)             Requested size: 215.30383pt x 176.15768pt.

[2] [3 <D:/ç¡•å£«è®ºæ–‡/JCOMP_template/JCOMP-template/jcompfig01.pdf>]
(D:\ç¡•å£«è®ºæ–‡\JCOMP_template\JCOMP-template\jcomp-template.bbl) [4]
(D:\ç¡•å£«è®ºæ–‡\JCOMP_template\JCOMP-template\jcomp-template.aux) ) 
Here is how much of TeX's memory you used:
 3805 strings out of 495354
 47431 string characters out of 3183859
 116483 words of memory out of 3000000
 6863 multiletter control sequences out of 15000+200000
 45926 words of font info for 116 fonts, out of 3000000 for 9000
 14 hyphenation exceptions out of 8191
 34i,14n,35p,770b,294s stack positions out of 5000i,500n,10000p,200000b,50000s
{C:/CTEX/Mi
KTeX/fonts/enc/dvips/fontname/8r.enc}<C:/CTEX/MiKTeX/fonts/type1/public/amsfont
s/cm/cmtt10.pfb><C:/CTEX/MiKTeX/fonts/type1/public/amsfonts/cm/cmtt8.pfb><C:/CT
EX/MiKTeX/fonts/type1/public/txfonts/rtxb.pfb><C:/CTEX/MiKTeX/fonts/type1/publi
c/txfonts/rtxi.pfb><C:/CTEX/MiKTeX/fonts/type1/public/txfonts/rtxmi.pfb><C:/CTE
X/MiKTeX/fonts/type1/public/txfonts/rtxr.pfb><C:/CTEX/MiKTeX/fonts/type1/public
/txfonts/txsy.pfb><C:/CTEX/MiKTeX/fonts/type1/urw/helvetic/uhvr8a.pfb><C:/CTEX/
MiKTeX/fonts/type1/urw/times/utmb8a.pfb><C:/CTEX/MiKTeX/fonts/type1/urw/times/u
tmbi8a.pfb><C:/CTEX/MiKTeX/fonts/type1/urw/times/utmr8a.pfb><C:/CTEX/MiKTeX/fon
ts/type1/urw/times/utmri8a.pfb>
Output written on jcomp-template.pdf (4 pages, 262475 bytes).
PDF statistics:
 78 PDF objects out of 1000 (max. 8388607)
 0 named destinations out of 1000 (max. 500000)
 16 words of extra memory for PDF output out of 10000 (max. 10000000)

